D:\GK_Laboratorium\Lab_Gk\Gk_Lab5A\Debug\cl.command.1.tlog
D:\GK_Laboratorium\Lab_Gk\Gk_Lab5A\Debug\CL.read.1.tlog
D:\GK_Laboratorium\Lab_Gk\Gk_Lab5A\Debug\CL.write.1.tlog
D:\GK_LABORATORIUM\LAB_GK\GK_LAB5A\DEBUG\GK_LAB5.EXE
D:\GK_LABORATORIUM\LAB_GK\GK_LAB5A\DEBUG\GK_LAB5.EXE.EMBED.MANIFEST
D:\GK_LABORATORIUM\LAB_GK\GK_LAB5A\DEBUG\GK_LAB5.EXE.EMBED.MANIFEST.RES
D:\GK_LABORATORIUM\LAB_GK\GK_LAB5A\DEBUG\GK_LAB5.EXE.INTERMEDIATE.MANIFEST
D:\GK_LABORATORIUM\LAB_GK\GK_LAB5A\DEBUG\GK_LAB5.ILK
D:\GK_LABORATORIUM\LAB_GK\GK_LAB5A\DEBUG\GK_LAB5.PDB
D:\GK_Laboratorium\Lab_Gk\Gk_Lab5A\Debug\Gk_Lab5_manifest.rc
D:\GK_Laboratorium\Lab_Gk\Gk_Lab5A\Debug\link.command.1.tlog
D:\GK_Laboratorium\Lab_Gk\Gk_Lab5A\Debug\link.read.1.tlog
D:\GK_Laboratorium\Lab_Gk\Gk_Lab5A\Debug\link.write.1.tlog
D:\GK_Laboratorium\Lab_Gk\Gk_Lab5A\Debug\link-cvtres.read.1.tlog
D:\GK_Laboratorium\Lab_Gk\Gk_Lab5A\Debug\link-cvtres.write.1.tlog
D:\GK_Laboratorium\Lab_Gk\Gk_Lab5A\Debug\mt.command.1.tlog
D:\GK_Laboratorium\Lab_Gk\Gk_Lab5A\Debug\mt.read.1.tlog
D:\GK_Laboratorium\Lab_Gk\Gk_Lab5A\Debug\mt.write.1.tlog
D:\GK_Laboratorium\Lab_Gk\Gk_Lab5A\Debug\rc.command.1.tlog
D:\GK_Laboratorium\Lab_Gk\Gk_Lab5A\Debug\rc.read.1.tlog
D:\GK_Laboratorium\Lab_Gk\Gk_Lab5A\Debug\rc.write.1.tlog
D:\GK_Laboratorium\Lab_Gk\Gk_Lab5A\Debug\vc100.idb
D:\GK_LABORATORIUM\LAB_GK\GK_LAB5A\DEBUG\VC100.PDB
D:\GK_LABORATORIUM\LAB_GK\GK_LAB5A\DEBUG\WALEC.OBJ
